<?xml version="1.0" encoding="UTF-8"?>
<testng-results ignored="0" total="1" passed="1" failed="0" skipped="0">
  <reporter-output>
  </reporter-output>
  <suite started-at="2024-05-07T13:35:28 IST" name="Default suite" finished-at="2024-05-07T13:35:36 IST" duration-ms="8147">
    <groups>
    </groups>
    <test started-at="2024-05-07T13:35:28 IST" name="Default test" finished-at="2024-05-07T13:35:36 IST" duration-ms="8147">
      <class name="com.amazon.qa.tests.LoginPageTest">
        <test-method is-config="true" signature="setUp()[pri:0, instance:com.amazon.qa.tests.LoginPageTest@7b36aa0c]" started-at="2024-05-07T13:35:28 IST" name="setUp" finished-at="2024-05-07T13:35:32 IST" duration-ms="4504" status="PASS">
          <reporter-output>
          </reporter-output>
        </test-method> <!-- setUp -->
        <test-method signature="Log_in()[pri:0, instance:com.amazon.qa.tests.LoginPageTest@7b36aa0c]" started-at="2024-05-07T13:35:32 IST" name="Log_in" finished-at="2024-05-07T13:35:36 IST" duration-ms="3600" status="PASS">
          <reporter-output>
          </reporter-output>
        </test-method> <!-- Log_in -->
      </class> <!-- com.amazon.qa.tests.LoginPageTest -->
    </test> <!-- Default test -->
  </suite> <!-- Default suite -->
</testng-results>
