<?xml version="1.0" encoding="UTF-8"?>
<testng-results ignored="0" total="2" passed="2" failed="0" skipped="0">
  <reporter-output>
  </reporter-output>
  <suite started-at="2024-09-18T16:39:24 IST" name="Suite" finished-at="2024-09-18T16:39:44 IST" duration-ms="19844">
    <groups>
    </groups>
    <test started-at="2024-09-18T16:39:24 IST" name="Test" finished-at="2024-09-18T16:39:44 IST" duration-ms="19844">
      <class name="com.amazon.qa.tests.ProductPageTest">
        <test-method is-config="true" signature="setUp()[pri:0, instance:com.amazon.qa.tests.ProductPageTest@34cf294c]" started-at="2024-09-18T16:39:24 IST" name="setUp" finished-at="2024-09-18T16:39:39 IST" duration-ms="14926" status="PASS">
          <reporter-output>
          </reporter-output>
        </test-method> <!-- setUp -->
        <test-method signature="switchingTabs()[pri:1, instance:com.amazon.qa.tests.ProductPageTest@34cf294c]" started-at="2024-09-18T16:39:39 IST" name="switchingTabs" finished-at="2024-09-18T16:39:39 IST" duration-ms="165" status="PASS">
          <reporter-output>
          </reporter-output>
        </test-method> <!-- switchingTabs -->
        <test-method signature="addingToCart()[pri:2, instance:com.amazon.qa.tests.ProductPageTest@34cf294c]" started-at="2024-09-18T16:39:40 IST" name="addingToCart" finished-at="2024-09-18T16:39:44 IST" duration-ms="4388" status="PASS">
          <reporter-output>
          </reporter-output>
        </test-method> <!-- addingToCart -->
      </class> <!-- com.amazon.qa.tests.ProductPageTest -->
    </test> <!-- Test -->
  </suite> <!-- Suite -->
</testng-results>
