<?xml version="1.0" encoding="UTF-8"?>
<!-- Generated by org.testng.reporters.JUnitReportReporter -->
<testsuite hostname="DESKTOP-K2DMNB5" failures="0" tests="2" name="com.amazon.qa.tests.ProductPageTest" time="4.553" errors="0" timestamp="2024-09-18T16:39:44 IST" skipped="0">
  <testcase classname="com.amazon.qa.tests.ProductPageTest" name="switchingTabs" time="0.165"/>
  <system-out/>
  <testcase classname="com.amazon.qa.tests.ProductPageTest" name="addingToCart" time="4.388"/>
  <system-out/>
</testsuite> <!-- com.amazon.qa.tests.ProductPageTest -->
